------------  Running test 0...
Reading TESTS/dwarf1.aux
 Done reading HGraph
 Reading TESTS/dwarf1.blk ... 
 Reading TESTS/dwarf1.fix ... 
 Reading TESTS/dwarf1.sol ... 
Reading PartitioningProblem took  0 user, 0.0e+00 system, 0 real, 0 norm'd sec 
Init+Read+PostProcess for PartProblem took  0.24 user, 6.0e-02 system, 1 real, 0.41 norm'd sec 
 Total Cost is 3
  Net Costs are 
     0 :      1
     1 :      1
     2 :      1
     3 :      0
     4 :      0

 All modules moved to one partition 
 Total Cost is 0
  Net Costs are 
     0 :      0
     1 :      0
     2 :      0
     3 :      0
     4 :      0

 Module 4 moved to partition 1 
 Total Cost is 2
  Net Costs are 
     0 :      1
     1 :      0
     2 :      1
     3 :      0
     4 :      0

Moving node 3 from 0 to 1
 Total Cost is 3
  Net Costs are 
     0 :      1
     1 :      1
     2 :      1
     3 :      0
     4 :      0

Moving node 3 back to partition 0
 Total Cost is 2
  Net Costs are 
     0 :      1
     1 :      0
     2 :      1
     3 :      0
     4 :      0

------------  Running test 1...
Reading TESTS/dwarf1.aux
 Done reading HGraph
 Reading TESTS/dwarf1.blk ... 
 Reading TESTS/dwarf1.fix ... 
 Reading TESTS/dwarf1.sol ... 
Reading PartitioningProblem took  0 user, 0.0e+00 system, 0 real, 0 norm'd sec 
Init+Read+PostProcess for PartProblem took  0.239 user, 5.0e-02 system, 0 real, 0.41 norm'd sec 
  NetId    Cost       Tally (movables + [fixed ConfigId]) 
     0 :      1 :      1    1  +  [ 0 1  ]
     1 :      1 :      2    1  +  [  ]
     2 :      1 :      1    2  +  [  ]
     3 :      0 :      1    0  +  [ 0 1  ]
     4 :      0 :      0    1  +  [ 0 1  ]
   Total cost : 3


 All modules moved to one partition 
  NetId    Cost       Tally (movables + [fixed ConfigId]) 
     0 :      0 :      2    0  +  [ 0  ]
     1 :      0 :      3    0  +  [  ]
     2 :      0 :      3    0  +  [  ]
     3 :      0 :      1    0  +  [ 0  ]
     4 :      0 :      1    0  +  [ 0  ]
   Total cost : 0


 Module 4 moved to partition 1 
  NetId    Cost       Tally (movables + [fixed ConfigId]) 
     0 :      1 :      1    1  +  [ 0  ]
     1 :      0 :      3    0  +  [  ]
     2 :      1 :      2    1  +  [  ]
     3 :      0 :      1    0  +  [ 0  ]
     4 :      0 :      1    0  +  [ 0  ]
   Total cost : 2


Moving node 3 from 0 to 1
  NetId    Cost       Tally (movables + [fixed ConfigId]) 
     0 :      1 :      0    2  +  [ 0  ]
     1 :      1 :      2    1  +  [  ]
     2 :      1 :      2    1  +  [  ]
     3 :      0 :      1    0  +  [ 0  ]
     4 :      0 :      1    0  +  [ 0  ]
   Total cost : 3


Moving node back 
  NetId    Cost       Tally (movables + [fixed ConfigId]) 
     0 :      1 :      1    1  +  [ 0  ]
     1 :      0 :      3    0  +  [  ]
     2 :      1 :      2    1  +  [  ]
     3 :      0 :      1    0  +  [ 0  ]
     4 :      0 :      1    0  +  [ 0  ]
   Total cost : 2


------------  Running test 2...
Reading TESTS/dwarf1.aux
 Done reading HGraph
 Reading TESTS/dwarf1.blk ... 
 Reading TESTS/dwarf1.fix ... 
 Reading TESTS/dwarf1.sol ... 
Reading PartitioningProblem took  0 user, 0.0e+00 system, 0 real, 0 norm'd sec 
Init+Read+PostProcess for PartProblem took  0.24 user, 6.0e-02 system, 0 real, 0.41 norm'd sec 
  NetId    Cost       Tally (movables + [fixed ConfigId]) 
     0 :      1 :      2    1  +  [ 0 1  ]
     1 :      1 :      2    1  +  [  ]
     2 :      1 :      1    2  +  [  ]
     3 :      1 :      2    0  +  [ 0 1  ]
     4 :      1 :      1    1  +  [ 0 1  ]
   Total cost : 5


 All modules moved to one partition 
  NetId    Cost       Tally (movables + [fixed ConfigId]) 
     0 :      0 :      3    0  +  [ 0  ]
     1 :      0 :      3    0  +  [  ]
     2 :      0 :      3    0  +  [  ]
     3 :      0 :      2    0  +  [ 0  ]
     4 :      0 :      2    0  +  [ 0  ]
   Total cost : 0


 Module 4 moved to partition 1 
  NetId    Cost       Tally (movables + [fixed ConfigId]) 
     0 :      1 :      2    1  +  [ 0  ]
     1 :      0 :      3    0  +  [  ]
     2 :      1 :      2    1  +  [  ]
     3 :      0 :      2    0  +  [ 0  ]
     4 :      0 :      2    0  +  [ 0  ]
   Total cost : 2


Moving node 3 from 0 to 1
  NetId    Cost       Tally (movables + [fixed ConfigId]) 
     0 :      1 :      1    2  +  [ 0  ]
     1 :      1 :      2    1  +  [  ]
     2 :      1 :      2    1  +  [  ]
     3 :      0 :      2    0  +  [ 0  ]
     4 :      0 :      2    0  +  [ 0  ]
   Total cost : 3


Moving node back 
  NetId    Cost       Tally (movables + [fixed ConfigId]) 
     0 :      1 :      2    1  +  [ 0  ]
     1 :      0 :      3    0  +  [  ]
     2 :      1 :      2    1  +  [  ]
     3 :      0 :      2    0  +  [ 0  ]
     4 :      0 :      2    0  +  [ 0  ]
   Total cost : 2


------------  Running test 3...
Reading TESTS/dwarf1.aux
 Done reading HGraph
 Reading TESTS/dwarf1.blk ... 
 Reading TESTS/dwarf1.fix ... 
 Reading TESTS/dwarf1.sol ... 
Reading PartitioningProblem took  0 user, 1.0e-02 system, 0 real, 0 norm'd sec 
Init+Read+PostProcess for PartProblem took  0.249 user, 6.0e-02 system, 1 real, 0.41 norm'd sec 
  NetId    Cost       Tally (movables + [fixed ConfigId]) 
     0 :      1 :      2    1  +  [ 0 1  ]
     1 :      1 :      2    1  +  [  ]
     2 :      1 :      1    2  +  [  ]
     3 :      1 :      2    0  +  [ 0 1  ]
     4 :      1 :      1    1  +  [ 0 1  ]
   Total cost : 5

 All modules moved to one partition 
  NetId    Cost       Tally (movables + [fixed ConfigId]) 
     0 :      0 :      3    0  +  [ 0  ]
     1 :      0 :      3    0  +  [  ]
     2 :      0 :      3    0  +  [  ]
     3 :      0 :      2    0  +  [ 0  ]
     4 :      0 :      2    0  +  [ 0  ]
   Total cost : 0


 Module 4 moved to partition 1 
  NetId    Cost       Tally (movables + [fixed ConfigId]) 
     0 :      1 :      2    1  +  [ 0  ]
     1 :      0 :      3    0  +  [  ]
     2 :      1 :      2    1  +  [  ]
     3 :      0 :      2    0  +  [ 0  ]
     4 :      0 :      2    0  +  [ 0  ]
   Total cost : 2


Moving node 3 from 0 to 1
  NetId    Cost       Tally (movables + [fixed ConfigId]) 
     0 :      1 :      1    2  +  [ 0  ]
     1 :      1 :      2    1  +  [  ]
     2 :      1 :      2    1  +  [  ]
     3 :      0 :      2    0  +  [ 0  ]
     4 :      0 :      2    0  +  [ 0  ]
   Total cost : 3


Moving node back 
  NetId    Cost       Tally (movables + [fixed ConfigId]) 
     0 :      1 :      2    1  +  [ 0  ]
     1 :      0 :      3    0  +  [  ]
     2 :      1 :      2    1  +  [  ]
     3 :      0 :      2    0  +  [ 0  ]
     4 :      0 :      2    0  +  [ 0  ]
   Total cost : 2


------------  Running test 4...
Reading TESTS/dwarf1.aux
 Done reading HGraph
 Reading TESTS/dwarf1.blk ... 
 Reading TESTS/dwarf1.fix ... 
 Reading TESTS/dwarf1.sol ... 
Reading PartitioningProblem took  0.01 user, 0.0e+00 system, 0 real, 0.0178261 norm'd sec 
Init+Read+PostProcess for PartProblem took  0.24 user, 6.0e-02 system, 0 real, 0.427 norm'd sec 
 Costs with three evaluators 
NetCutWBits      : 3
NetCutWConfigIds : 3
NetCutWNetVec    : 5
BBox1Dim         : 5
 Modules on nonzero cost nets 
NetCutWNetVec    : 4
BBox1Dim         : 4
------------  Running test 6...
 Got NetCutWNetVec   
 Got NetCutWConfigIds
------------  Running test 17...
Reading TESTS/dwarf1.aux
 Done reading HGraph
 Reading TESTS/dwarf1.blk ... 
 Reading TESTS/dwarf1.fix ... 
 Reading TESTS/dwarf1.sol ... 
Reading PartitioningProblem took  0.01 user, 1.0e-02 system, 0 real, 0.0178261 norm'd sec 
Init+Read+PostProcess for PartProblem took  0.24 user, 7.0e-02 system, 1 real, 0.427 norm'd sec 
 NetId  Cost  Tally (term == 2 modules)  // netDegree  maxPartSize  maxPart 
     0:    1     3    1     //    4   3   0
     1:    1     2    1     //    3   2   0
     2:    1     1    2     //    3   2   1
     3:    0     3    0     //    3   3   0
     4:    1     2    1     //    3   2   0
   Total cost : 4

 All modules moved to one partition 
 NetId  Cost  Tally (term == 2 modules)  // netDegree  maxPartSize  maxPart 
     0:    0     4    0     //    4   4   0
     1:    0     3    0     //    3   3   0
     2:    0     3    0     //    3   3   0
     3:    0     3    0     //    3   3   0
     4:    0     3    0     //    3   3   0
   Total cost : 0


 Module 4 moved to partition 1 
 NetId  Cost  Tally (term == 2 modules)  // netDegree  maxPartSize  maxPart 
     0:    1     3    1     //    4   3   0
     1:    0     3    0     //    3   3   0
     2:    1     2    1     //    3   2   0
     3:    0     3    0     //    3   3   0
     4:    0     3    0     //    3   3   0
   Total cost : 2


Moving node 3 from 0 to 1
 NetId  Cost  Tally (term == 2 modules)  // netDegree  maxPartSize  maxPart 
     0:    2     2    2     //    4   2   0
     1:    1     2    1     //    3   2   0
     2:    1     2    1     //    3   2   0
     3:    0     3    0     //    3   3   0
     4:    0     3    0     //    3   3   0
   Total cost : 4


Moving node back 
 NetId  Cost  Tally (term == 2 modules)  // netDegree  maxPartSize  maxPart 
     0:    1     3    1     //    4   3   0
     1:    0     3    0     //    3   3   0
     2:    1     2    1     //    3   2   0
     3:    0     3    0     //    3   3   0
     4:    0     3    0     //    3   3   0
   Total cost : 2


Moving node 5 from 0 to 1
 NetId  Cost  Tally (term == 2 modules)  // netDegree  maxPartSize  maxPart 
     0:    1     3    1     //    4   3   0
     1:    1     2    1     //    3   2   0
     2:    1     1    2     //    3   2   1
     3:    1     2    1     //    3   2   0
     4:    0     3    0     //    3   3   0
   Total cost : 4


------------  Running test 18...
Reading TESTS/dwarf1.aux
 Done reading HGraph
 Reading TESTS/dwarf1.blk ... 
 Reading TESTS/dwarf1.fix ... 
 Reading TESTS/dwarf1.sol ... 
Reading PartitioningProblem took  0 user, 0.0e+00 system, 0 real, 0 norm'd sec 
Init+Read+PostProcess for PartProblem took  0.239 user, 7.0e-02 system, 0 real, 0.41 norm'd sec 
  NetId    Cost       Tally (terminals count as 1 module(s)) 
     0 :      1 :      2    1
     1 :      1 :      2    1
     2 :      1 :      1    2
     3 :      0 :      2    0
     4 :      1 :      1    1
   Total cost : 4


 All modules moved to one partition 
  NetId    Cost       Tally (terminals count as 1 module(s)) 
     0 :      0 :      3    0
     1 :      0 :      3    0
     2 :      0 :      3    0
     3 :      0 :      2    0
     4 :      0 :      2    0
   Total cost : 0


 Module 4 moved to partition 1 
  NetId    Cost       Tally (terminals count as 1 module(s)) 
     0 :      1 :      2    1
     1 :      0 :      3    0
     2 :      1 :      2    1
     3 :      0 :      2    0
     4 :      0 :      2    0
   Total cost : 2


Moving node 3 from 0 to 1
  NetId    Cost       Tally (terminals count as 1 module(s)) 
     0 :      1 :      1    2
     1 :      1 :      2    1
     2 :      1 :      2    1
     3 :      0 :      2    0
     4 :      0 :      2    0
   Total cost : 3


Moving node back 
  NetId    Cost       Tally (terminals count as 1 module(s)) 
     0 :      1 :      2    1
     1 :      0 :      3    0
     2 :      1 :      2    1
     3 :      0 :      2    0
     4 :      0 :      2    0
   Total cost : 2


------------  Running test 19...
Reading TESTS/dwarf1.aux
 Done reading HGraph
 Reading TESTS/dwarf1.blk ... 
 Reading TESTS/dwarf1.fix ... 
 Reading TESTS/dwarf1.sol ... 
Reading PartitioningProblem took  0.01 user, 0.0e+00 system, 0 real, 0.015 norm'd sec 
Init+Read+PostProcess for PartProblem took  0.28 user, 3.0e-02 system, 0 real, 0.425 norm'd sec 
  NetId    Cost       Tally (terminals count as 2 module(s)) 
     0 :      1 :      3    1
     1 :      1 :      2    1
     2 :      1 :      1    2
     3 :      0 :      3    0
     4 :      1 :      2    1
   Total cost : 4

 All modules moved to one partition 
  NetId    Cost       Tally (terminals count as 2 module(s)) 
     0 :      0 :      4    0
     1 :      0 :      3    0
     2 :      0 :      3    0
     3 :      0 :      3    0
     4 :      0 :      3    0
   Total cost : 0


 Module 4 moved to partition 1 
  NetId    Cost       Tally (terminals count as 2 module(s)) 
     0 :      1 :      3    1
     1 :      0 :      3    0
     2 :      1 :      2    1
     3 :      0 :      3    0
     4 :      0 :      3    0
   Total cost : 2


Moving node 3 from 0 to 1
  NetId    Cost       Tally (terminals count as 2 module(s)) 
     0 :      2 :      2    2
     1 :      1 :      2    1
     2 :      1 :      2    1
     3 :      0 :      3    0
     4 :      0 :      3    0
   Total cost : 4


Moving node back 
  NetId    Cost       Tally (terminals count as 2 module(s)) 
     0 :      1 :      3    1
     1 :      0 :      3    0
     2 :      1 :      2    1
     3 :      0 :      3    0
     4 :      0 :      3    0
   Total cost : 2


Moving node 5 from 0 to 1
  NetId    Cost       Tally (terminals count as 2 module(s)) 
     0 :      1 :      3    1
     1 :      1 :      2    1
     2 :      1 :      1    2
     3 :      1 :      2    1
     4 :      0 :      3    0
   Total cost : 4


------------  Running test 20...
Reading TESTS/dwarf1.aux
 Done reading HGraph
 Reading TESTS/dwarf1.blk ... 
 Reading TESTS/dwarf1.fix ... 
 Reading TESTS/dwarf1.sol ... 
Reading PartitioningProblem took  0 user, 1.0e-02 system, 0 real, 0 norm'd sec 
Init+Read+PostProcess for PartProblem took  0.249 user, 6.0e-02 system, 0 real, 0.41 norm'd sec 
  NetId    Cost   Weight      Tally (terminals count as 1 module(s)) 
     0 :      2 :    2 :      2    1
     1 :      2 :    2 :      2    1
     2 :      2 :    2 :      1    2
     3 :      0 :    2 :      2    0
     4 :      2 :    2 :      1    1
   Total cost : 8


 All modules moved to one partition 
  NetId    Cost   Weight      Tally (terminals count as 1 module(s)) 
     0 :      0 :    2 :      3    0
     1 :      0 :    2 :      3    0
     2 :      0 :    2 :      3    0
     3 :      0 :    2 :      2    0
     4 :      0 :    2 :      2    0
   Total cost : 0


 Module 4 moved to partition 1 
  NetId    Cost   Weight      Tally (terminals count as 1 module(s)) 
     0 :      2 :    2 :      2    1
     1 :      0 :    2 :      3    0
     2 :      2 :    2 :      2    1
     3 :      0 :    2 :      2    0
     4 :      0 :    2 :      2    0
   Total cost : 4


Moving node 3 from 0 to 1
  NetId    Cost   Weight      Tally (terminals count as 1 module(s)) 
     0 :      2 :    2 :      1    2
     1 :      2 :    2 :      2    1
     2 :      2 :    2 :      2    1
     3 :      0 :    2 :      2    0
     4 :      0 :    2 :      2    0
   Total cost : 6


Moving node back 
  NetId    Cost   Weight      Tally (terminals count as 1 module(s)) 
     0 :      2 :    2 :      2    1
     1 :      0 :    2 :      3    0
     2 :      2 :    2 :      2    1
     3 :      0 :    2 :      2    0
     4 :      0 :    2 :      2    0
   Total cost : 4


