------------  Running test 0(dwarf1)...
  generate placement...
  generate HGraph...
  evaluate placement with BBoxPlEval      ...
Cost: 84
 0 user sec, 0 real sec
  generate placement...
  generate HGraph...
  evaluate placement with BBoxWCheng      ...
Cost: 84
 0 user sec, 0 real sec
  generate placement...
  generate HGraph...
  evaluate placement with BBoxWRSMT       ...
Cost: 84
 0 user sec, 0 real sec
  generate placement...
  generate HGraph...
  evaluate placement with HBBox           ...
Cost: 81.3889
 0 user sec, 0 real sec
  generate placement...
  generate HGraph...
  evaluate placement with HBBoxWCheng     ...
Cost: 81.3889
 0 user sec, 0 real sec
  generate placement...
  generate HGraph...
  evaluate placement with HBBoxWRSMT      ...
Cost: 81.3889
 0 user sec, 0 real sec
  generate placement...
  generate HGraph...
  evaluate placement with HBBox0          ...
Cost: 64.7222
 0 user sec, 0 real sec
  generate placement...
  generate HGraph...
  evaluate placement with HBBox0wCheng    ...
Cost: 64.7222
 0 user sec, 0 real sec
  generate placement...
  generate HGraph...
  evaluate placement with HBBox0wRSMT     ...
Cost: 64.7222
 0.01 user sec, 0 real sec
  generate placement...
  generate HGraph...
  evaluate placement with HBBoxN          ...
Cost: 76.2662
 0 user sec, 0 real sec
------------  Running test 0(p2+)...
  generate placement...
  generate HGraph...
  evaluate placement with BBoxPlEval      ...
Cost: 1.39094e+08
 0.02 user sec, 0 real sec
  generate placement...
  generate HGraph...
  evaluate placement with BBoxWCheng      ...
Cost: 1.58669e+08
 0.03 user sec, 1 real sec
  generate placement...
  generate HGraph...
  evaluate placement with BBoxWRSMT       ...
Cost: 1.53674e+08
 0.03 user sec, 0 real sec
  generate placement...
  generate HGraph...
  evaluate placement with HBBox           ...
Cost: 1.38739e+08
 0.21 user sec, 1 real sec
  generate placement...
  generate HGraph...
  evaluate placement with HBBoxWCheng     ...
Cost: 1.5831e+08
 0.2 user sec, 0 real sec
  generate placement...
  generate HGraph...
  evaluate placement with HBBoxWRSMT      ...
Cost: 1.53307e+08
 0.21 user sec, 0 real sec
  generate placement...
  generate HGraph...
  evaluate placement with HBBox0          ...
Cost: 1.38675e+08
 0.21 user sec, 0 real sec
  generate placement...
  generate HGraph...
  evaluate placement with HBBox0wCheng    ...
Cost: 1.58247e+08
 0.21 user sec, 0 real sec
  generate placement...
  generate HGraph...
  evaluate placement with HBBox0wRSMT     ...
Cost: 1.53244e+08
 0.21 user sec, 0 real sec
  generate placement...
  generate HGraph...
  evaluate placement with HBBoxN          ...
Cost: 1.30018e+08
 0.39 user sec, 1 real sec
------------  Running test 1...
  generate placement...
  generate HGraph...
  evaluate placement with BBoxPlEval      ...
Net: 0 , cost: 24
Net: 1 , cost: 24
Net: 2 , cost: 24
Net: 3 , cost: 7
Net: 4 , cost: 5
  generate placement...
  generate HGraph...
  evaluate placement with BBoxWCheng      ...
Net: 0 , cost: 24
Net: 1 , cost: 24
Net: 2 , cost: 24
Net: 3 , cost: 7
Net: 4 , cost: 5
  generate placement...
  generate HGraph...
  evaluate placement with BBoxWRSMT       ...
Net: 0 , cost: 24
Net: 1 , cost: 24
Net: 2 , cost: 24
Net: 3 , cost: 7
Net: 4 , cost: 5
  generate placement...
  generate HGraph...
  evaluate placement with HBBox           ...
Net: 0 , cost: 20.0168
Net: 1 , cost: 21.2963
Net: 2 , cost: 23.4091
Net: 3 , cost: 10
Net: 4 , cost: 6.66667
  generate placement...
  generate HGraph...
  evaluate placement with HBBoxWCheng     ...
Net: 0 , cost: 20.0168
Net: 1 , cost: 21.2963
Net: 2 , cost: 23.4091
Net: 3 , cost: 10
Net: 4 , cost: 6.66667
  generate placement...
  generate HGraph...
  evaluate placement with HBBoxWRSMT      ...
Net: 0 , cost: 20.0168
Net: 1 , cost: 21.2963
Net: 2 , cost: 23.4091
Net: 3 , cost: 10
Net: 4 , cost: 6.66667
  generate placement...
  generate HGraph...
  evaluate placement with HBBox0          ...
Net: 0 , cost: 20.0168
Net: 1 , cost: 21.2963
Net: 2 , cost: 23.4091
Net: 3 , cost: 0
Net: 4 , cost: 0
  generate placement...
  generate HGraph...
  evaluate placement with HBBox0wCheng    ...
Net: 0 , cost: 20.0168
Net: 1 , cost: 21.2963
Net: 2 , cost: 23.4091
Net: 3 , cost: 0
Net: 4 , cost: 0
  generate placement...
  generate HGraph...
  evaluate placement with HBBox0wRSMT     ...
Net: 0 , cost: 20.0168
Net: 1 , cost: 21.2963
Net: 2 , cost: 23.4091
Net: 3 , cost: 0
Net: 4 , cost: 0
  generate placement...
  generate HGraph...
  evaluate placement with HBBoxN          ...
Net: 0 , cost: 18.4195
Net: 1 , cost: 19.5417
Net: 2 , cost: 21.6382
Net: 3 , cost: 10
Net: 4 , cost: 6.66667
