Running SimAnnealTest0.exe on C432
Reading TESTS/C432a.aux
Reading TESTS/C432a.aux
 Reading TESTS/C432a.nodes ... 
 Reading TESTS/C432a.nets ... 
Finished reading TESTS/C432a.aux and referenced files
 Reading TESTS/C432.scl ... 
 Reading TESTS/C432a.pl ... 
Finished reading TESTS/C432a.aux and referenced files
 Running overlap removal ...
  HPWL before overlap remover is 482
File seeds.in exists and will override all seeds, including hardcoded ones 
 Removing overlaps took  0 user, 0.0e+00 system, 0 real, 0 norm'd sec 
  Discovered 0 overlaps 
  Overlaps remaining: 0
  HPWL after  overlap removal is 482
  HPWL w pins                 is 482
  % change in HPWL is 0
 ====== Launching Detailed Placement ... 
Initial Origin-to-Origin WL: 482
Initial Pin-to-Pin WL:       482
Placement area: 15 x 15
Num cells: 160
Initial:	 Temp: 3.15033 Iter: 160 HWPL: 482 Over: 0 Cost: 482
Performing a warm-up run to calibrate acceptance rates...
      Iter     	Temp      	NAR       	AR   	lambda	Cost(HPWL+OV)
[ ..... ]         1   2.27143	     0.056	     0.174	         1	       482(482+1*0)
[ ..... ]         2   1.74917	     0.056	     0.188	         1	       482(482+1*0)
[ ..... ]         3   1.51846	     0.044	     0.168	         1	       482(482+1*0)
[ ..... ]         4   1.46949	     0.024	      0.18	         1	       482(482+1*0)
[ ..... ]         5   1.34284	     0.024	     0.156	         1	       482(482+1*0)
[ ..... ]         6   1.33362	      0.02	     0.146	         1	       482(482+1*0)
Beginning temperature decline...
Temp	NAR	AR	Cost(HPWL+OV)
[ ................................................................................................................................................................. ]
   1.33362	   0.04375	     0.125	       497(497+1*0)
0.951545: 16.9259,16.9259
[ ................................................................................................................................................................. ]
    1.0669	    0.0125	     0.125	       493(493+1*0)
0.90309: 16.064,16.064
[ ................................................................................................................................................................. ]
  0.853518	   0.00625	   0.13125	       482(482+1*0)
0.867799: 15.4363,15.4363
[ ................................................................................................................................................................. ]
  0.725491	         0	   0.11875	       482(482+1*0)
0.832509: 14.8085,14.8085
[ ................................................................................................................................................................. ]
  0.616667	   0.00625	   0.11875	       483(483+1*0)
0.797218: 14.1808,14.1808
[ ................................................................................................................................................................. ]
  0.524167	         0	    0.1125	       483(483+1*0)
0.761928: 13.553,13.553
[ ................................................................................................................................................................. ]
  0.445542	         0	   0.16875	       481(481+1*0)
0.726637: 12.9253,12.9253
[ ................................................................................................................................................................. ]
  0.378711	   0.00625	   0.18125	       482(482+1*0)
0.703759: 12.5183,12.5183
[ ................................................................................................................................................................. ]
   0.34084	         0	    0.1375	       479(479+1*0)
0.68088: 12.1114,12.1114
[ ................................................................................................................................................................. ]
  0.306756	         0	   0.05625	       478(478+1*0)
0.658001: 11.7044,11.7044
[ ................................................................................................................................................................. ]
   0.27608	         0	   0.13125	       474(474+1*0)
0.635122: 11.2974,11.2974
[ ................................................................................................................................................................. ]
  0.248472	         0	   0.11875	       473(473+1*0)
0.612244: 10.8905,10.8905
[ ................................................................................................................................................................. ]
  0.223625	         0	    0.1625	       473(473+1*0)
0.589365: 10.4835,10.4835
[ ................................................................................................................................................................. ]
  0.201262	         0	   0.10625	       472(472+1*0)
0.566486: 10.0765,10.0765
[ ................................................................................................................................................................. ]
  0.181136	         0	    0.1875	       472(472+1*0)
0.543607: 9.66959,9.66959
[ ................................................................................................................................................................. ]
  0.163023	         0	   0.13125	       469(469+1*0)
0.520729: 9.26262,9.26262
[ ................................................................................................................................................................. ]
   0.14672	         0	      0.15	       465(465+1*0)
0.49785: 8.85566,8.85566
[ ................................................................................................................................................................. ]
  0.132048	         0	   0.10625	       465(465+1*0)
0.488985: 8.69798,8.69798
[ ................................................................................................................................................................. ]
  0.126766	         0	   0.11875	       465(465+1*0)
0.480121: 8.5403,8.5403
[ ................................................................................................................................................................. ]
  0.121696	         0	   0.14375	       464(464+1*0)
0.471257: 8.38263,8.38263
[ ................................................................................................................................................................. ]
  0.116828	         0	     0.125	       463(463+1*0)
0.462392: 8.22495,8.22495
[ ................................................................................................................................................................. ]
  0.112155	         0	   0.18125	       463(463+1*0)
0.453528: 8.06727,8.06727
[ ................................................................................................................................................................. ]
  0.107669	         0	    0.1625	       462(462+1*0)
0.444664: 7.90959,7.90959
[ ................................................................................................................................................................. ]
  0.103362	         0	    0.1625	       460(460+1*0)
0.435799: 7.75191,7.75191
[ ................................................................................................................................................................. ]
 0.0992273	         0	       0.2	       460(460+1*0)
0.426935: 7.59424,7.59424
[ ................................................................................................................................................................. ]
 0.0952582	         0	    0.1375	       457(457+1*0)
0.41807: 7.43656,7.43656
[ ................................................................................................................................................................. ]
 0.0914479	         0	   0.16875	       455(455+1*0)
0.409206: 7.27888,7.27888
[ ................................................................................................................................................................. ]
   0.08779	         0	   0.20625	       455(455+1*0)
0.400342: 7.1212,7.1212
[ ................................................................................................................................................................. ]
 0.0842784	         0	   0.23125	       455(455+1*0)
0.391477: 6.96352,6.96352
[ ................................................................................................................................................................. ]
 0.0809072	         0	    0.2125	       455(455+1*0)
0.382613: 6.80585,6.80585
[ ................................................................................................................................................................. ]
 0.0776709	         0	   0.18125	       455(455+1*0)
0.373748: 6.64817,6.64817
[ ................................................................................................................................................................. ]
 0.0745641	         0	   0.28125	       455(455+1*0)
0.364884: 6.49049,6.49049
[ ................................................................................................................................................................. ]
 0.0715815	         0	     0.225	       455(455+1*0)
0.35602: 6.33281,6.33281
[ ................................................................................................................................................................. ]
 0.0687183	         0	   0.31875	       455(455+1*0)
0.347155: 6.17513,6.17513
[ ................................................................................................................................................................. ]
 0.0659696	         0	   0.19375	       455(455+1*0)
0.338291: 6.01746,6.01746
[ ................................................................................................................................................................. ]
 0.0633308	         0	    0.2125	       455(455+1*0)
0.329427: 5.92927,5.85978
[ ................................................................................................................................................................. ]
 0.0607975	         0	       0.2	       455(455+1*0)
0.320562: 5.92927,5.7021
[ ................................................................................................................................................................. ]
 0.0583656	         0	     0.225	       455(455+1*0)
0.311698: 5.92927,5.54442
[ ................................................................................................................................................................. ]
  0.056031	         0	    0.1875	       455(455+1*0)
0.302833: 5.92927,5.38674
[ ................................................................................................................................................................. ]
 0.0537898	         0	   0.25625	       455(455+1*0)
0.293969: 5.92927,5.22907
[ ................................................................................................................................................................. ]
 0.0516382	         0	    0.2125	       455(455+1*0)
0.285105: 5.92927,5.07139
[ ................................................................................................................................................................. ]
 0.0495727	         0	   0.24375	       455(455+1*0)
0.27624: 5.92927,4.91371
[ ................................................................................................................................................................. ]
 0.0475897	         0	   0.21875	       455(455+1*0)
0.267376: 5.92927,4.75603
[ ................................................................................................................................................................. ]
 0.0456862	         0	   0.20625	       454(454+1*0)
0.258511: 5.92927,4.59835
[ ................................................................................................................................................................. ]
 0.0438587	         0	      0.25	       454(454+1*0)
0.249647: 5.92927,4.44068
[ ................................................................................................................................................................. ]
 0.0421044	         0	     0.275	       454(454+1*0)
0.240783: 5.92927,4.283
[ ................................................................................................................................................................. ]
 0.0404202	         0	    0.2375	       454(454+1*0)
0.231918: 5.92927,4.12532
[ ................................................................................................................................................................. ]
 0.0388034	         0	    0.1375	       454(454+1*0)
0.223054: 5.92927,3.96764
[ ................................................................................................................................................................. ]
 0.0372512	         0	   0.20625	       454(454+1*0)
0.21419: 5.92927,3.80996
[ ................................................................................................................................................................. ]
 0.0357612	         0	   0.25625	       454(454+1*0)
0.205325: 5.92927,3.65229
[ ................................................................................................................................................................. ]
 0.0343307	         0	      0.15	       454(454+1*0)
0.196461: 5.92927,3.49461
[ ................................................................................................................................................................. ]
 0.0329575	         0	       0.2	       454(454+1*0)
0.187596: 5.92927,3.33693
[ ................................................................................................................................................................. ]
 0.0316392	         0	    0.2125	       454(454+1*0)
0.178732: 5.92927,3.17925
[ ................................................................................................................................................................. ]
 0.0303736	         0	       0.2	       454(454+1*0)
0.169868: 5.92927,3.02157
[ ................................................................................................................................................................. ]
 0.0291587	         0	   0.21875	       452(452+1*0)
0.161003: 5.92927,2.8639
[ ................................................................................................................................................................. ]
 0.0279924	         0	   0.26875	       452(452+1*0)
0.152139: 5.92927,2.70622
[ ................................................................................................................................................................. ]
 0.0268727	         0	   0.25625	       452(452+1*0)
0.143275: 5.92927,2.54854
[ ................................................................................................................................................................. ]
 0.0257978	         0	     0.275	       452(452+1*0)
0.13441: 5.92927,2.39086
[ ................................................................................................................................................................. ]
 0.0247658	         0	    0.2125	       451(451+1*0)
0.125546: 5.92927,2.23318
[ ................................................................................................................................................................. ]
 0.0237752	         0	   0.25625	       450(450+1*0)
0.116681: 5.92927,2.07551
[ ................................................................................................................................................................. ]
 0.0228242	         0	   0.18125	       450(450+1*0)
0.107817: 5.92927,2
[ ................................................................................................................................................................. ]
 0.0219112	         0	   0.21875	       450(450+1*0)
0.0989526: 5.92927,2
[ ................................................................................................................................................................. ]
 0.0210348	         0	   0.26875	       450(450+1*0)
0.0900882: 5.92927,2
[ ................................................................................................................................................................. ]
 0.0201934	         0	   0.20625	       448(448+1*0)
0.0812238: 5.92927,2
[ ................................................................................................................................................................. ]
 0.0193857	         0	   0.25625	       448(448+1*0)
0.0723594: 5.92927,2
[ ................................................................................................................................................................. ]
 0.0186102	         0	   0.15625	       448(448+1*0)
0.0634951: 5.92927,2
[ ................................................................................................................................................................. ]
 0.0178658	         0	   0.28125	       448(448+1*0)
0.0546307: 5.92927,2
[ ................................................................................................................................................................. ]
 0.0171512	         0	   0.20625	       448(448+1*0)
0.0457663: 5.92927,2
[ ................................................................................................................................................................. ]
 0.0164651	         0	       0.2	       448(448+1*0)
0.0369019: 5.92927,2
[ ................................................................................................................................................................. ]
 0.0158065	         0	     0.225	       448(448+1*0)
0.0280375: 5.92927,2
[ ................................................................................................................................................................. ]
 0.0151743	         0	       0.2	       448(448+1*0)
0.0191731: 5.92927,2
[ ................................................................................................................................................................. ]
 0.0145673	         0	   0.23125	       448(448+1*0)
0.0103088: 5.92927,2
[ ................................................................................................................................................................. ]
 0.0139846	         0	   0.13125	       448(448+1*0)
0.00144437: 5.92927,2
[ ................................................................................................................................................................. ]
 0.0134252	         0	     0.225	       448(448+1*0)
-0.00742001: 5.92927,2
Final:	 HWPL: 448 Over: 0
 Running overlap removal ...
  HPWL before overlap remover is 448
 Removing overlaps took  0 user, 0.0e+00 system, 0 real, 0 norm'd sec 
  Discovered 0 overlaps 
  Overlaps remaining: 0
  HPWL after  overlap removal is 448
  HPWL w pins                 is 448
  % change in HPWL is 0
 Final Origin-to-Origin WL: 448
 Final Pin-to-Pin WL:       448
  % improvement in HPWL is 7.58929
Time taken = 32.97 seconds
