------------  Running test 0a...
MST Cost from B1St: 6
RSMT Cost : 5  with 1 steiner points
MST8 Cost : 6
Prim MST Cost : 6
MST Edges:
             3            1             1            1
             3            1             3            1
             2            0             1            1
             0            0             1            1
Steiner Edges:
             0            0             1            0
             2            0             1            0
             3            1             1            1
             3            1             3            1
             1            0             1            1
BI1Steiner took  0 user, 0.0e+00 system, 0 real, 0 norm'd sec 
MST8 took  0 user, 0.0e+00 system, 0 real, 0 norm'd sec 
PrimMST took  0 user, 0.0e+00 system, 0 real, 0 norm'd sec 
------------  Running test 0b...
MST Cost from B1St: 46964
RSMT Cost : 42447  with 10 steiner points
MST8 Cost : 46964
Prim MST Cost : 46964
MST Edges:
          6664         3760          7054         2915
          6333         3456          6664         3760
          7686         3717          6664         3760
          6480         4704          6664         3760
          5833         4752          6480         4704
          5682         5107          5833         4752
          5308         3340          6333         3456
          8506         4329          7686         3717
          6708         6243          6480         4704
          4039         4924          5682         5107
          3683         5765          4039         4924
          7747         1470          7054         2915
          7838         1369          7747         1470
          6679         1140          7838         1369
          9274         1276          7838         1369
          9764         1960          9274         1276
          3137         7721          3683         5765
          1616         7962          3137         7721
           231         8012          1616         7962
           541         7444           231         8012
          2380         9720          1616         7962
          2380         9720          2380         9720
          9481         6425          6708         6243
          8930         9217          9481         6425
          3632          786          6679         1140
           828          303          3632          786
           700           91           828          303
          1568         2351           828          303
          1033         3330          1568         2351
           441         3927          1033         3330
Steiner Edges:
           828          303          1568          786
          3632          786          6679         1140
           231         8012           541         7962
          1568         2351          1568          786
          5308         3340          6333         3456
          8930         9217          8930         6425
          6480         4704          6664         4704
           700           91           828          303
           441         3927          1033         3330
          1033         3330          1568         2351
          3683         5765          4039         5107
          1616         7962          2380         7962
          9274         1276          9274         1369
          4039         4924          4039         5107
           541         7444           541         7962
          7838         1369          7747         1470
          7747         1470          7054         1470
          8506         4329          7686         3717
          9481         6425          8930         6425
          6679         1140          7054         1470
          9764         1960          9274         1369
          6708         6243          6664         4704
          6664         3760          6664         3717
          6333         3456          6664         3717
          7686         3717          7054         3717
          3137         7721          3683         5765
          5833         4752          6480         4704
          5682         5107          5833         4752
          2380         9720          2380         7962
          2380         9720          2380         9720
          1568          786          3632          786
          2380         7962          3137         7721
          7054         1470          7054         2915
          8930         6425          6708         6243
          7054         3717          7054         2915
           541         7962          1616         7962
          6664         4704          6664         3760
          4039         5107          5682         5107
          9274         1369          7838         1369
          6664         3717          7054         3717
BI1Steiner took  0.04 user, 0.0e+00 system, 0 real, 0.328 norm'd sec 
MST8 took  0 user, 0.0e+00 system, 0 real, 0 norm'd sec 
PrimMST took  0 user, 0.0e+00 system, 0 real, 0 norm'd sec 
------------  Running test 1...
MST test
MSTCost (equiv): 4
MSTCost        : 5
