RBPlacement object
# Created      : Wed Dec  3 21:14:08 2003
Total points : 276
      -45420      -106520 
        7100      -106520 
        7620      -106520 
       20100      -106520 
       20620      -106520 
       33100      -106520 
       33620      -106520 
       46100      -106520 
       46620      -106520 
       59100      -106520 
       59620      -106520 
      -44900      -106520 
       72100      -106520 
       72620      -106520 
       85100      -106520 
       85620      -106520 
      -44380      -106520 
      -31900      -106520 
      -31380      -106520 
      -18900      -106520 
      -18380      -106520 
       -5900      -106520 
       -5380      -106520 
       98100       -15520 
       98100        -3560 
       98100         8400 
       98100        44280 
       98100        32320 
       98100        20360 
       98100        56240 
       98100        68200 
       73140      -106520 
       98100        80160 
      -45420        92120 
      -33460        92120 
      -21500        92120 
       -9540        92120 
       14380        92120 
       26340        92120 
       50260        92120 
       38300        92120 
       62220        92120 
       60140      -106520 
       47140      -106520 
       34140      -106520 
       -4860      -106520 
      -17860      -106520 
      -30860      -106520 
      -43860      -106520 
      -57380      -106520 
     -112500         8400 
     -112500        -3560 
     -112500       -15520 
     -112500       -27480 
     -112500       -39440 
     -112500       -51400 
       86140        92120 
       74180        92120 
       98100       -27480 
       98100       -39440 
       98100       -51400 
       86140      -106520 
     -112500        80160 
     -112500        68200 
     -112500        56240 
     -112500        44280 
     -112500        32320 
     -112500        20360 
       21140      -106520 
        8140      -106520 
      -57380        92120 
        2420        92120 
       98100        92120 
     -112500        92120 
       98100      -106520 
     -112500      -106520 
       24700        26880 
       26780        26880 
       15080         3840 
        9100         3840 
       18980            0 
         260         3840 
       23140         3840 
       29380         7680 
        1040         7680 
       12480        11520 
        7800         3840 
        9620         7680 
       23400        11520 
       10140         3840 
       28080         3840 
       25740            0 
       14820         7680 
        8580        26880 
        3900        23040 
        3380        11520 
        7020         3840 
       11440         7680 
        6760        23040 
       31200        23040 
       16120        11520 
       34320        34560 
       34580        15360 
       24700        15360 
         260        38400 
         520        34560 
        2860        38400 
        9100        15360 
        6760        30720 
        6760        34560 
        1300        23040 
       34580        38400 
       36660        30720 
       12220        34560 
       22620        34560 
       20800        38400 
       32240        38400 
       17680        19200 
       30160        11520 
       24440        23040 
       24960        34560 
        1560        30720 
        2340        30720 
       33280        38400 
       26780        30720 
       21840        34560 
       10660        23040 
       33280        30720 
       39780        38400 
       34060        15360 
       36400        15360 
       39780         7680 
       39780        11520 
       16900         3840 
         520        15360 
        1040        19200 
       18200         3840 
        2340        38400 
       14300        38400 
       19760        11520 
       14040        26880 
       15340            0 
       38220        26880 
        5980        15360 
       34320         7680 
       21580        26880 
        5980        26880 
       33540        19200 
       30420        19200 
       11180        19200 
        6500        38400 
       28600        34560 
       35360        19200 
       35620        11520 
       39000            0 
       21320         3840 
       27820        23040 
       15860         3840 
       37960        23040 
       32240        30720 
       26000        15360 
       12740        26880 
       21840        23040 
        9360        19200 
       26000        26880 
       28600        19200 
       29380            0 
       35620         3840 
       27820         7680 
       39000         7680 
       10400        19200 
       13260        26880 
       28600         3840 
       10660         3840 
       36920         3840 
       15860         7680 
       11180        11520 
        3640        19200 
        8840            0 
        5980         3840 
       30420            0 
       37960        11520 
       31200            0 
       20800        11520 
       36140         7680 
       11960         3840 
        1040        15360 
         260        11520 
        6760        11520 
        4160         7680 
       20020         7680 
        2080        34560 
       35620        34560 
       37180        26880 
       28080        11520 
        4680        26880 
       38220        30720 
       35620        15360 
       37440        15360 
       30420        26880 
       34060            0 
        1820        19200 
        4680        11520 
       16120        26880 
       35100        26880 
       18720        15360 
           0        19200 
       20280        30720 
        4940        19200 
       16640        30720 
       19500        34560 
       32240        19200 
       24440        30720 
       22880        23040 
       18200        26880 
       29640         3840 
        9880        30720 
       20020        34560 
       13260        11520 
       19500         3840 
        2600        26880 
       15080        30720 
       26780         7680 
       10660        11520 
       20800         7680 
       21580         7680 
         780            0 
       16640        38400 
       34840        30720 
       34840        23040 
        9360        11520 
        3900            0 
       11960            0 
       23660        19200 
       16900        19200 
        4160        30720 
       34840        34560 
       17420        11520 
       32500        23040 
       28860        15360 
       17680         3840 
       12480         7680 
        8580        15360 
       15340        38400 
       17420        34560 
       15600        26880 
       19240        11520 
        9620            0 
       18460        11520 
       31980        15360 
       26260        38400 
       29640        38400 
       16120        30720 
       12740        38400 
       26780        11520 
       27560        38400 
           0        30720 
        4940        30720 
       24180        26880 
       23400        23040 
       29120        11520 
       19500        38400 
       17940        34560 
           0        23040 
         260        26880 
       15340        15360 
       31460        15360 
       17680        15360 
       22360        15360 
       23660        15360 
       33020        23040 
       27300        15360 
       30420        15360 
       16380        23040 
        8580         7680 
        7020         7680 
  11 core rows: 
   RBPCoreRow y: 0(+3840)  SubRows: 1 Total Sites: 157
  RBPSubRow (      0 ->  40820)  cells:   13 sites:  157 spacing:  260( 260)

   RBPCoreRow y: 3840(+3840)  SubRows: 1 Total Sites: 157
  RBPSubRow (      0 ->  40820)  cells:   21 sites:  157 spacing:  260( 260)

   RBPCoreRow y: 7680(+3840)  SubRows: 1 Total Sites: 157
  RBPSubRow (      0 ->  40820)  cells:   19 sites:  157 spacing:  260( 260)

   RBPCoreRow y: 11520(+3840)  SubRows: 1 Total Sites: 157
  RBPSubRow (      0 ->  40820)  cells:   23 sites:  157 spacing:  260( 260)

   RBPCoreRow y: 15360(+3840)  SubRows: 1 Total Sites: 157
  RBPSubRow (      0 ->  40820)  cells:   22 sites:  157 spacing:  260( 260)

   RBPCoreRow y: 19200(+3840)  SubRows: 1 Total Sites: 157
  RBPSubRow (      0 ->  40820)  cells:   16 sites:  157 spacing:  260( 260)

   RBPCoreRow y: 23040(+3840)  SubRows: 1 Total Sites: 157
  RBPSubRow (      0 ->  40820)  cells:   16 sites:  157 spacing:  260( 260)

   RBPCoreRow y: 26880(+3840)  SubRows: 1 Total Sites: 157
  RBPSubRow (      0 ->  40820)  cells:   20 sites:  157 spacing:  260( 260)

   RBPCoreRow y: 30720(+3840)  SubRows: 1 Total Sites: 157
  RBPSubRow (      0 ->  40820)  cells:   18 sites:  157 spacing:  260( 260)

   RBPCoreRow y: 34560(+3840)  SubRows: 1 Total Sites: 157
  RBPSubRow (      0 ->  40820)  cells:   15 sites:  157 spacing:  260( 260)

   RBPCoreRow y: 38400(+3840)  SubRows: 1 Total Sites: 157
  RBPSubRow (      0 ->  40820)  cells:   17 sites:  157 spacing:  260( 260)

   containing 200 cell Id(s)

